2025-05-02 02:04:30,243 - httpx - INFO - HTTP Request: GET http://testserver/payments/services "HTTP/1.1 200 OK"
2025-05-02 02:04:30,275 - httpx - INFO - HTTP Request: POST http://testserver/payments/services "HTTP/1.1 200 OK"
2025-05-02 02:04:30,292 - httpx - INFO - HTTP Request: GET http://testserver/payments/services/TEST001 "HTTP/1.1 200 OK"
2025-05-02 02:04:30,316 - httpx - INFO - HTTP Request: POST http://testserver/payments/services "HTTP/1.1 200 OK"
2025-05-02 02:04:30,334 - httpx - INFO - HTTP Request: POST http://testserver/payments/services "HTTP/1.1 200 OK"
2025-05-02 02:04:30,351 - httpx - INFO - HTTP Request: PUT http://testserver/payments/services/TEST002 "HTTP/1.1 200 OK"
2025-05-02 02:04:30,369 - httpx - INFO - HTTP Request: POST http://testserver/payments/services "HTTP/1.1 200 OK"
2025-05-02 02:04:30,380 - httpx - INFO - HTTP Request: DELETE http://testserver/payments/services/TEST003 "HTTP/1.1 200 OK"
2025-05-02 02:04:30,389 - httpx - INFO - HTTP Request: GET http://testserver/payments/services/TEST003 "HTTP/1.1 404 Not Found"
2025-05-02 02:04:30,409 - payment_service - INFO - Creating new payment with ID: 42dc6b43-af94-4e32-8dd9-4ca11dbc71a3
2025-05-02 02:04:30,410 - payment_service - INFO - Payment 42dc6b43-af94-4e32-8dd9-4ca11dbc71a3 created successfully
2025-05-02 02:04:30,416 - httpx - INFO - HTTP Request: POST http://testserver/payments/create "HTTP/1.1 200 OK"
2025-05-02 02:04:30,430 - payment_service - INFO - Creating new payment with ID: 9b58ba0a-d182-4216-b240-32a7acf0fe35
2025-05-02 02:04:30,432 - payment_service - INFO - Payment 9b58ba0a-d182-4216-b240-32a7acf0fe35 created successfully
2025-05-02 02:04:30,437 - httpx - INFO - HTTP Request: POST http://testserver/payments/create "HTTP/1.1 200 OK"
2025-05-02 02:04:30,448 - httpx - INFO - HTTP Request: GET http://testserver/payments/9b58ba0a-d182-4216-b240-32a7acf0fe35/info "HTTP/1.1 200 OK"
2025-05-02 02:04:30,461 - payment_service - INFO - Creating new payment with ID: 9769b14a-ec8b-48ee-acd6-31bf6a978e4d
2025-05-02 02:04:30,462 - payment_service - INFO - Payment 9769b14a-ec8b-48ee-acd6-31bf6a978e4d created successfully
2025-05-02 02:04:30,466 - httpx - INFO - HTTP Request: POST http://testserver/payments/create "HTTP/1.1 200 OK"
2025-05-02 02:04:30,479 - httpx - INFO - HTTP Request: PUT http://testserver/payments/9769b14a-ec8b-48ee-acd6-31bf6a978e4d "HTTP/1.1 200 OK"
2025-05-02 02:04:30,490 - httpx - INFO - HTTP Request: PUT http://testserver/payments/non_existent_id "HTTP/1.1 404 Not Found"
2025-05-02 02:04:30,503 - payment_service - INFO - Creating new payment with ID: 0ee5812c-685b-4b32-8793-c76e16b220b8
2025-05-02 02:04:30,505 - payment_service - INFO - Payment 0ee5812c-685b-4b32-8793-c76e16b220b8 created successfully
2025-05-02 02:04:30,510 - httpx - INFO - HTTP Request: POST http://testserver/payments/create "HTTP/1.1 200 OK"
2025-05-02 02:04:30,519 - httpx - INFO - HTTP Request: DELETE http://testserver/payments/0ee5812c-685b-4b32-8793-c76e16b220b8 "HTTP/1.1 200 OK"
2025-05-02 02:04:30,531 - httpx - INFO - HTTP Request: GET http://testserver/payments/0ee5812c-685b-4b32-8793-c76e16b220b8/info "HTTP/1.1 404 Not Found"
2025-05-02 02:04:30,542 - httpx - INFO - HTTP Request: DELETE http://testserver/payments/non_existent_id "HTTP/1.1 404 Not Found"
2025-05-02 02:04:30,559 - httpx - INFO - HTTP Request: POST http://testserver/payments/services "HTTP/1.1 200 OK"
2025-05-02 02:04:30,576 - httpx - INFO - HTTP Request: POST http://testserver/payments/apply "HTTP/1.1 200 OK"
2025-05-02 02:04:30,610 - httpx - INFO - HTTP Request: POST http://testserver/payments/services "HTTP/1.1 400 Bad Request"
2025-05-02 02:04:30,621 - httpx - INFO - HTTP Request: POST http://testserver/payments/apply "HTTP/1.1 200 OK"
2025-05-02 02:04:30,629 - httpx - INFO - HTTP Request: GET http://testserver/payments/applications/aaaac26c-b907-4b34-95fa-83bbca73cf6a "HTTP/1.1 200 OK"
2025-05-02 02:04:30,644 - httpx - INFO - HTTP Request: POST http://testserver/payments/services "HTTP/1.1 400 Bad Request"
2025-05-02 02:04:30,656 - httpx - INFO - HTTP Request: POST http://testserver/payments/apply "HTTP/1.1 200 OK"
2025-05-02 02:04:30,664 - httpx - INFO - HTTP Request: PUT http://testserver/payments/applications/86270909-db1c-41a7-ac05-9706f117792d/approve "HTTP/1.1 200 OK"
2025-05-02 02:04:30,674 - httpx - INFO - HTTP Request: GET http://testserver/payments/applications/86270909-db1c-41a7-ac05-9706f117792d "HTTP/1.1 200 OK"
2025-05-02 02:04:30,690 - httpx - INFO - HTTP Request: POST http://testserver/payments/services "HTTP/1.1 400 Bad Request"
2025-05-02 02:04:30,700 - httpx - INFO - HTTP Request: POST http://testserver/payments/apply "HTTP/1.1 200 OK"
2025-05-02 02:04:30,708 - httpx - INFO - HTTP Request: PUT http://testserver/payments/applications/2a0ae02e-baa8-4c14-aaf5-6bd9bc8936c4/reject "HTTP/1.1 200 OK"
2025-05-02 02:04:30,718 - httpx - INFO - HTTP Request: GET http://testserver/payments/applications/2a0ae02e-baa8-4c14-aaf5-6bd9bc8936c4 "HTTP/1.1 200 OK"
2025-05-02 02:04:30,734 - httpx - INFO - HTTP Request: POST http://testserver/payments/services "HTTP/1.1 200 OK"
2025-05-02 02:04:30,741 - payment_service - INFO - Creating new payment with ID: a473fa1c-46d8-464f-b04f-16fc739e0a6c
2025-05-02 02:04:30,743 - payment_service - INFO - Payment a473fa1c-46d8-464f-b04f-16fc739e0a6c created successfully
2025-05-02 02:04:30,747 - httpx - INFO - HTTP Request: POST http://testserver/payments/create "HTTP/1.1 200 OK"
2025-05-02 02:04:30,766 - httpx - INFO - HTTP Request: GET http://testserver/payments/a473fa1c-46d8-464f-b04f-16fc739e0a6c/download "HTTP/1.1 200 OK"
2025-05-02 02:04:30,803 - test_logger - INFO - This is a test log message
2025-05-02 03:16:18,624 - root - WARNING - Mailtrap 憑證未設置。請設置 SMTP_USERNAME 和 SMTP_PASSWORD 環境變量。
2025-05-02 04:00:07,711 - httpx - INFO - HTTP Request: GET http://testserver/payments/services "HTTP/1.1 200 OK"
2025-05-02 04:00:07,720 - httpx - INFO - HTTP Request: POST http://testserver/payments/services "HTTP/1.1 200 OK"
2025-05-02 04:00:07,724 - httpx - INFO - HTTP Request: GET http://testserver/payments/services/TEST001 "HTTP/1.1 200 OK"
2025-05-02 04:00:07,731 - httpx - INFO - HTTP Request: POST http://testserver/payments/services "HTTP/1.1 200 OK"
2025-05-02 04:00:07,740 - httpx - INFO - HTTP Request: POST http://testserver/payments/services "HTTP/1.1 200 OK"
2025-05-02 04:00:07,747 - httpx - INFO - HTTP Request: PUT http://testserver/payments/services/TEST002 "HTTP/1.1 200 OK"
2025-05-02 04:00:07,756 - httpx - INFO - HTTP Request: POST http://testserver/payments/services "HTTP/1.1 200 OK"
2025-05-02 04:00:07,761 - httpx - INFO - HTTP Request: DELETE http://testserver/payments/services/TEST003 "HTTP/1.1 200 OK"
2025-05-02 04:00:07,765 - httpx - INFO - HTTP Request: GET http://testserver/payments/services/TEST003 "HTTP/1.1 404 Not Found"
2025-05-02 04:00:07,785 - payment_service - INFO - Creating new payment with ID: f0ce4d86-a25b-4fec-aa86-5f72a4d4751c
2025-05-02 04:00:07,785 - payment_service - INFO - Payment f0ce4d86-a25b-4fec-aa86-5f72a4d4751c created successfully
2025-05-02 04:00:07,790 - httpx - INFO - HTTP Request: POST http://testserver/payments/create "HTTP/1.1 200 OK"
2025-05-02 04:00:07,796 - payment_service - INFO - Creating new payment with ID: d3f08921-7ab4-45ee-b296-e7e42e92e78f
2025-05-02 04:00:07,796 - payment_service - INFO - Payment d3f08921-7ab4-45ee-b296-e7e42e92e78f created successfully
2025-05-02 04:00:07,800 - httpx - INFO - HTTP Request: POST http://testserver/payments/create "HTTP/1.1 200 OK"
2025-05-02 04:00:07,806 - httpx - INFO - HTTP Request: GET http://testserver/payments/d3f08921-7ab4-45ee-b296-e7e42e92e78f/info "HTTP/1.1 200 OK"
2025-05-02 04:00:07,813 - payment_service - INFO - Creating new payment with ID: 9db221e3-e3dd-4c1c-a42b-4f9ff530081f
2025-05-02 04:00:07,814 - payment_service - INFO - Payment 9db221e3-e3dd-4c1c-a42b-4f9ff530081f created successfully
2025-05-02 04:00:07,817 - httpx - INFO - HTTP Request: POST http://testserver/payments/create "HTTP/1.1 200 OK"
2025-05-02 04:00:07,823 - httpx - INFO - HTTP Request: PUT http://testserver/payments/9db221e3-e3dd-4c1c-a42b-4f9ff530081f "HTTP/1.1 200 OK"
2025-05-02 04:00:07,828 - httpx - INFO - HTTP Request: PUT http://testserver/payments/non_existent_id "HTTP/1.1 404 Not Found"
2025-05-02 04:00:07,835 - payment_service - INFO - Creating new payment with ID: 25d0b01a-5bd0-473c-bc04-4870ca27ff42
2025-05-02 04:00:07,835 - payment_service - INFO - Payment 25d0b01a-5bd0-473c-bc04-4870ca27ff42 created successfully
2025-05-02 04:00:07,837 - httpx - INFO - HTTP Request: POST http://testserver/payments/create "HTTP/1.1 200 OK"
2025-05-02 04:00:07,843 - httpx - INFO - HTTP Request: DELETE http://testserver/payments/25d0b01a-5bd0-473c-bc04-4870ca27ff42 "HTTP/1.1 200 OK"
2025-05-02 04:00:07,847 - httpx - INFO - HTTP Request: GET http://testserver/payments/25d0b01a-5bd0-473c-bc04-4870ca27ff42/info "HTTP/1.1 404 Not Found"
2025-05-02 04:00:07,852 - httpx - INFO - HTTP Request: DELETE http://testserver/payments/non_existent_id "HTTP/1.1 404 Not Found"
2025-05-02 04:00:07,859 - httpx - INFO - HTTP Request: POST http://testserver/payments/services "HTTP/1.1 200 OK"
2025-05-02 04:00:07,865 - httpx - INFO - HTTP Request: POST http://testserver/payments/apply "HTTP/1.1 200 OK"
2025-05-02 04:00:07,914 - httpx - INFO - HTTP Request: POST http://testserver/payments/services "HTTP/1.1 400 Bad Request"
2025-05-02 04:00:07,918 - httpx - INFO - HTTP Request: POST http://testserver/payments/apply "HTTP/1.1 200 OK"
2025-05-02 04:00:07,922 - httpx - INFO - HTTP Request: GET http://testserver/payments/applications/a763169c-8c4f-446a-a160-38450b402986 "HTTP/1.1 200 OK"
2025-05-02 04:00:07,929 - httpx - INFO - HTTP Request: POST http://testserver/payments/services "HTTP/1.1 400 Bad Request"
2025-05-02 04:00:07,935 - httpx - INFO - HTTP Request: POST http://testserver/payments/apply "HTTP/1.1 200 OK"
2025-05-02 04:00:07,939 - httpx - INFO - HTTP Request: PUT http://testserver/payments/applications/6cf83776-0768-454a-9ec3-de6c90b3883f/approve "HTTP/1.1 200 OK"
2025-05-02 04:00:07,943 - httpx - INFO - HTTP Request: GET http://testserver/payments/applications/6cf83776-0768-454a-9ec3-de6c90b3883f "HTTP/1.1 200 OK"
2025-05-02 04:00:07,952 - httpx - INFO - HTTP Request: POST http://testserver/payments/services "HTTP/1.1 400 Bad Request"
2025-05-02 04:00:07,956 - httpx - INFO - HTTP Request: POST http://testserver/payments/apply "HTTP/1.1 200 OK"
2025-05-02 04:00:07,961 - httpx - INFO - HTTP Request: PUT http://testserver/payments/applications/31615feb-1a06-4207-b931-895e76758f04/reject "HTTP/1.1 200 OK"
2025-05-02 04:00:07,966 - httpx - INFO - HTTP Request: GET http://testserver/payments/applications/31615feb-1a06-4207-b931-895e76758f04 "HTTP/1.1 200 OK"
2025-05-02 04:11:22,992 - test_logger - INFO - This is a test log message
2025-05-02 04:13:06,005 - httpx - INFO - HTTP Request: POST http://testserver/payments/services "HTTP/1.1 404 Not Found"
2025-05-02 04:13:06,012 - httpx - INFO - HTTP Request: POST http://testserver/payments/create "HTTP/1.1 404 Not Found"
2025-05-02 04:13:09,976 - test_logger - INFO - This is a test log message
2025-05-02 04:16:19,865 - httpx - INFO - HTTP Request: POST http://testserver/payments/services "HTTP/1.1 404 Not Found"
2025-05-02 04:16:19,876 - httpx - INFO - HTTP Request: POST http://testserver/payments/create "HTTP/1.1 404 Not Found"
2025-05-02 04:16:27,245 - test_logger - INFO - This is a test log message
2025-05-02 04:17:01,122 - httpx - INFO - HTTP Request: GET http://testserver/payments/services "HTTP/1.1 200 OK"
2025-05-02 04:17:01,142 - httpx - INFO - HTTP Request: POST http://testserver/payments/services "HTTP/1.1 200 OK"
2025-05-02 04:17:01,149 - httpx - INFO - HTTP Request: GET http://testserver/payments/services/TEST001 "HTTP/1.1 200 OK"
2025-05-02 04:17:01,165 - httpx - INFO - HTTP Request: POST http://testserver/payments/services "HTTP/1.1 200 OK"
2025-05-02 04:17:01,183 - httpx - INFO - HTTP Request: POST http://testserver/payments/services "HTTP/1.1 200 OK"
2025-05-02 04:17:01,197 - httpx - INFO - HTTP Request: PUT http://testserver/payments/services/TEST002 "HTTP/1.1 200 OK"
2025-05-02 04:17:01,212 - httpx - INFO - HTTP Request: POST http://testserver/payments/services "HTTP/1.1 200 OK"
2025-05-02 04:17:01,222 - httpx - INFO - HTTP Request: DELETE http://testserver/payments/services/TEST003 "HTTP/1.1 200 OK"
2025-05-02 04:17:01,229 - httpx - INFO - HTTP Request: GET http://testserver/payments/services/TEST003 "HTTP/1.1 404 Not Found"
2025-05-02 04:17:01,274 - payment_service - INFO - Creating new payment with ID: 68c4cb4b-5531-4d38-aca3-da4cf2fd928f
2025-05-02 04:17:01,275 - payment_service - INFO - Payment 68c4cb4b-5531-4d38-aca3-da4cf2fd928f created successfully
2025-05-02 04:17:01,278 - httpx - INFO - HTTP Request: POST http://testserver/payments/create "HTTP/1.1 200 OK"
2025-05-02 04:17:01,290 - payment_service - INFO - Creating new payment with ID: 8e6eb666-36c8-4e7e-8b55-9487af6903f0
2025-05-02 04:17:01,291 - payment_service - INFO - Payment 8e6eb666-36c8-4e7e-8b55-9487af6903f0 created successfully
2025-05-02 04:17:01,295 - httpx - INFO - HTTP Request: POST http://testserver/payments/create "HTTP/1.1 200 OK"
2025-05-02 04:17:01,302 - httpx - INFO - HTTP Request: GET http://testserver/payments/8e6eb666-36c8-4e7e-8b55-9487af6903f0/info "HTTP/1.1 200 OK"
2025-05-02 04:17:01,315 - payment_service - INFO - Creating new payment with ID: 8711e559-8dd7-4749-a786-61a3e78a2b63
2025-05-02 04:17:01,316 - payment_service - INFO - Payment 8711e559-8dd7-4749-a786-61a3e78a2b63 created successfully
2025-05-02 04:17:01,320 - httpx - INFO - HTTP Request: POST http://testserver/payments/create "HTTP/1.1 200 OK"
2025-05-02 04:17:01,332 - httpx - INFO - HTTP Request: PUT http://testserver/payments/8711e559-8dd7-4749-a786-61a3e78a2b63 "HTTP/1.1 200 OK"
2025-05-02 04:17:01,343 - httpx - INFO - HTTP Request: PUT http://testserver/payments/non_existent_id "HTTP/1.1 404 Not Found"
2025-05-02 04:17:01,354 - payment_service - INFO - Creating new payment with ID: 41169fa8-761b-4254-be86-04dfc9c37e4f
2025-05-02 04:17:01,355 - payment_service - INFO - Payment 41169fa8-761b-4254-be86-04dfc9c37e4f created successfully
2025-05-02 04:17:01,361 - httpx - INFO - HTTP Request: POST http://testserver/payments/create "HTTP/1.1 200 OK"
2025-05-02 04:17:01,370 - httpx - INFO - HTTP Request: DELETE http://testserver/payments/41169fa8-761b-4254-be86-04dfc9c37e4f "HTTP/1.1 200 OK"
2025-05-02 04:17:01,380 - httpx - INFO - HTTP Request: GET http://testserver/payments/41169fa8-761b-4254-be86-04dfc9c37e4f/info "HTTP/1.1 404 Not Found"
2025-05-02 04:17:01,387 - httpx - INFO - HTTP Request: DELETE http://testserver/payments/non_existent_id "HTTP/1.1 404 Not Found"
2025-05-02 04:17:01,403 - httpx - INFO - HTTP Request: POST http://testserver/payments/services "HTTP/1.1 200 OK"
2025-05-02 04:17:01,413 - httpx - INFO - HTTP Request: POST http://testserver/payments/apply "HTTP/1.1 200 OK"
2025-05-02 04:17:01,448 - httpx - INFO - HTTP Request: POST http://testserver/payments/services "HTTP/1.1 400 Bad Request"
2025-05-02 04:17:01,457 - httpx - INFO - HTTP Request: POST http://testserver/payments/apply "HTTP/1.1 200 OK"
2025-05-02 04:17:01,465 - httpx - INFO - HTTP Request: GET http://testserver/payments/applications/bd943746-a815-4a91-9698-8811b484c060 "HTTP/1.1 200 OK"
2025-05-02 04:17:01,478 - httpx - INFO - HTTP Request: POST http://testserver/payments/services "HTTP/1.1 400 Bad Request"
2025-05-02 04:17:01,486 - httpx - INFO - HTTP Request: POST http://testserver/payments/apply "HTTP/1.1 200 OK"
2025-05-02 04:17:01,494 - httpx - INFO - HTTP Request: PUT http://testserver/payments/applications/7918a007-3f5a-4307-8d2e-b5dd4b33ca28/approve "HTTP/1.1 200 OK"
2025-05-02 04:17:01,503 - httpx - INFO - HTTP Request: GET http://testserver/payments/applications/7918a007-3f5a-4307-8d2e-b5dd4b33ca28 "HTTP/1.1 200 OK"
2025-05-02 04:17:01,516 - httpx - INFO - HTTP Request: POST http://testserver/payments/services "HTTP/1.1 400 Bad Request"
2025-05-02 04:17:01,525 - httpx - INFO - HTTP Request: POST http://testserver/payments/apply "HTTP/1.1 200 OK"
2025-05-02 04:17:01,533 - httpx - INFO - HTTP Request: PUT http://testserver/payments/applications/f7e09ebf-1de2-4f80-8fc0-e228c252fbb8/reject "HTTP/1.1 200 OK"
2025-05-02 04:17:01,541 - httpx - INFO - HTTP Request: GET http://testserver/payments/applications/f7e09ebf-1de2-4f80-8fc0-e228c252fbb8 "HTTP/1.1 200 OK"
2025-05-02 04:18:44,064 - httpx - INFO - HTTP Request: POST http://testserver/payments/services "HTTP/1.1 200 OK"
2025-05-02 04:18:44,109 - payment_service - INFO - Creating new payment with ID: cca924a5-3659-4b96-97ff-ac9cfe4978fe
2025-05-02 04:18:44,110 - payment_service - INFO - Payment cca924a5-3659-4b96-97ff-ac9cfe4978fe created successfully
2025-05-02 04:18:44,114 - httpx - INFO - HTTP Request: POST http://testserver/payments/create "HTTP/1.1 200 OK"
2025-05-02 04:18:44,129 - httpx - INFO - HTTP Request: GET http://testserver/payments/cca924a5-3659-4b96-97ff-ac9cfe4978fe/download "HTTP/1.1 200 OK"
2025-05-02 04:18:44,159 - test_logger - INFO - This is a test log message
2025-05-02 04:20:11,511 - httpx - INFO - HTTP Request: GET http://testserver/payments/services "HTTP/1.1 200 OK"
2025-05-02 04:20:11,535 - httpx - INFO - HTTP Request: POST http://testserver/payments/services "HTTP/1.1 200 OK"
2025-05-02 04:20:11,545 - httpx - INFO - HTTP Request: GET http://testserver/payments/services/TEST001 "HTTP/1.1 200 OK"
2025-05-02 04:20:11,565 - httpx - INFO - HTTP Request: POST http://testserver/payments/services "HTTP/1.1 200 OK"
2025-05-02 04:20:11,583 - httpx - INFO - HTTP Request: POST http://testserver/payments/services "HTTP/1.1 200 OK"
2025-05-02 04:20:11,601 - httpx - INFO - HTTP Request: PUT http://testserver/payments/services/TEST002 "HTTP/1.1 200 OK"
2025-05-02 04:20:11,621 - httpx - INFO - HTTP Request: POST http://testserver/payments/services "HTTP/1.1 200 OK"
2025-05-02 04:20:11,633 - httpx - INFO - HTTP Request: DELETE http://testserver/payments/services/TEST003 "HTTP/1.1 200 OK"
2025-05-02 04:20:11,642 - httpx - INFO - HTTP Request: GET http://testserver/payments/services/TEST003 "HTTP/1.1 404 Not Found"
2025-05-02 04:20:11,706 - payment_service - INFO - Creating new payment with ID: 646c8264-2cb8-4ad1-80b1-65ee2ccfc60d
2025-05-02 04:20:11,708 - payment_service - INFO - Payment 646c8264-2cb8-4ad1-80b1-65ee2ccfc60d created successfully
2025-05-02 04:20:11,713 - httpx - INFO - HTTP Request: POST http://testserver/payments/create "HTTP/1.1 200 OK"
2025-05-02 04:20:11,729 - payment_service - INFO - Creating new payment with ID: df6cb312-76b4-4a44-91dd-36d833acdb06
2025-05-02 04:20:11,731 - payment_service - INFO - Payment df6cb312-76b4-4a44-91dd-36d833acdb06 created successfully
2025-05-02 04:20:11,736 - httpx - INFO - HTTP Request: POST http://testserver/payments/create "HTTP/1.1 200 OK"
2025-05-02 04:20:11,747 - httpx - INFO - HTTP Request: GET http://testserver/payments/df6cb312-76b4-4a44-91dd-36d833acdb06/info "HTTP/1.1 200 OK"
2025-05-02 04:20:11,764 - payment_service - INFO - Creating new payment with ID: c2b866f1-53b3-4a3d-b760-56822cdd34d6
2025-05-02 04:20:11,765 - payment_service - INFO - Payment c2b866f1-53b3-4a3d-b760-56822cdd34d6 created successfully
2025-05-02 04:20:11,771 - httpx - INFO - HTTP Request: POST http://testserver/payments/create "HTTP/1.1 200 OK"
2025-05-02 04:20:11,783 - httpx - INFO - HTTP Request: PUT http://testserver/payments/c2b866f1-53b3-4a3d-b760-56822cdd34d6 "HTTP/1.1 200 OK"
2025-05-02 04:20:11,795 - httpx - INFO - HTTP Request: PUT http://testserver/payments/non_existent_id "HTTP/1.1 404 Not Found"
2025-05-02 04:20:11,811 - payment_service - INFO - Creating new payment with ID: c82f157b-9aa1-4e1b-a14f-abf001bd38e3
2025-05-02 04:20:11,813 - payment_service - INFO - Payment c82f157b-9aa1-4e1b-a14f-abf001bd38e3 created successfully
2025-05-02 04:20:11,817 - httpx - INFO - HTTP Request: POST http://testserver/payments/create "HTTP/1.1 200 OK"
2025-05-02 04:20:11,829 - httpx - INFO - HTTP Request: DELETE http://testserver/payments/c82f157b-9aa1-4e1b-a14f-abf001bd38e3 "HTTP/1.1 200 OK"
2025-05-02 04:20:11,841 - httpx - INFO - HTTP Request: GET http://testserver/payments/c82f157b-9aa1-4e1b-a14f-abf001bd38e3/info "HTTP/1.1 404 Not Found"
2025-05-02 04:20:11,854 - httpx - INFO - HTTP Request: DELETE http://testserver/payments/non_existent_id "HTTP/1.1 404 Not Found"
2025-05-02 04:20:11,873 - httpx - INFO - HTTP Request: POST http://testserver/payments/services "HTTP/1.1 200 OK"
2025-05-02 04:20:11,890 - httpx - INFO - HTTP Request: POST http://testserver/payments/apply "HTTP/1.1 200 OK"
2025-05-02 04:20:11,935 - httpx - INFO - HTTP Request: POST http://testserver/payments/services "HTTP/1.1 400 Bad Request"
2025-05-02 04:20:11,946 - httpx - INFO - HTTP Request: POST http://testserver/payments/apply "HTTP/1.1 200 OK"
2025-05-02 04:20:11,956 - httpx - INFO - HTTP Request: GET http://testserver/payments/applications/65ed262a-3f4f-46ac-8aa4-48b0bfd67f81 "HTTP/1.1 200 OK"
2025-05-02 04:20:11,977 - httpx - INFO - HTTP Request: POST http://testserver/payments/services "HTTP/1.1 400 Bad Request"
2025-05-02 04:20:11,987 - httpx - INFO - HTTP Request: POST http://testserver/payments/apply "HTTP/1.1 200 OK"
2025-05-02 04:20:11,998 - httpx - INFO - HTTP Request: PUT http://testserver/payments/applications/974eb23e-d6c9-4131-8a07-2cad81804ad8/approve "HTTP/1.1 200 OK"
2025-05-02 04:20:12,010 - httpx - INFO - HTTP Request: GET http://testserver/payments/applications/974eb23e-d6c9-4131-8a07-2cad81804ad8 "HTTP/1.1 200 OK"
2025-05-02 04:20:12,029 - httpx - INFO - HTTP Request: POST http://testserver/payments/services "HTTP/1.1 400 Bad Request"
2025-05-02 04:20:12,039 - httpx - INFO - HTTP Request: POST http://testserver/payments/apply "HTTP/1.1 200 OK"
2025-05-02 04:20:12,051 - httpx - INFO - HTTP Request: PUT http://testserver/payments/applications/1198f2bc-2a91-4b4e-b413-226057b01b9a/reject "HTTP/1.1 200 OK"
2025-05-02 04:20:12,062 - httpx - INFO - HTTP Request: GET http://testserver/payments/applications/1198f2bc-2a91-4b4e-b413-226057b01b9a "HTTP/1.1 200 OK"
